#-----------------------------------------------------------
# Vivado v2019.1 (64-bit)
# SW Build 2552052 on Fri May 24 14:49:42 MDT 2019
# IP Build 2548770 on Fri May 24 18:01:18 MDT 2019
# Start of session at: Mon Dec 20 21:44:20 2021
# Process ID: 3820
# Current directory: D:/moshushiyan/lab7_1
# Command line: vivado.exe -gui_launcher_event rodinguilauncherevent16784 D:\moshushiyan\lab7_1\lab7.xpr
# Log file: D:/moshushiyan/lab7_1/vivado.log
# Journal file: D:/moshushiyan/lab7_1\vivado.jou
#-----------------------------------------------------------
start_gui
open_project D:/moshushiyan/lab7_1/lab7.xpr
INFO: [Project 1-313] Project file moved from 'D:/moshushiyan/lab7' since last save.
Scanning sources...
Finished scanning sources
INFO: [IP_Flow 19-234] Refreshing IP repositories
INFO: [IP_Flow 19-1704] No user IP repositories specified
INFO: [IP_Flow 19-2313] Loaded Vivado IP repository 'D:/Xilinx/Vivado/2019.1/data/ip'.
update_compile_order -fileset sources_1
WARNING: [filemgmt 56-199] Attempt to get parsing info during refresh. "On-the-fly" syntax checking information may be incorrect. [D:/moshushiyan/lab7_1/lab7.srcs/sources_1/new/w_move.v:]
WARNING: [filemgmt 56-199] Attempt to get parsing info during refresh. "On-the-fly" syntax checking information may be incorrect. [D:/moshushiyan/lab7_1/lab7.srcs/sources_1/new/all.v:]
WARNING: [filemgmt 56-199] Attempt to get parsing info during refresh. "On-the-fly" syntax checking information may be incorrect. [D:/moshushiyan/lab7_1/lab7.srcs/sources_1/new/p_move.v:]
WARNING: [filemgmt 56-199] Attempt to get parsing info during refresh. "On-the-fly" syntax checking information may be incorrect. [D:/moshushiyan/lab7_1/lab7.srcs/sources_1/new/VDT.v:]
WARNING: [filemgmt 56-199] Attempt to get parsing info during refresh. "On-the-fly" syntax checking information may be incorrect. [D:/moshushiyan/lab7_1/lab7.srcs/sources_1/new/counter.v:]
WARNING: [filemgmt 56-199] Attempt to get parsing info during refresh. "On-the-fly" syntax checking information may be incorrect. [D:/moshushiyan/lab7_1/lab7.srcs/sources_1/new/VDS.v:]
WARNING: [filemgmt 56-199] Attempt to get parsing info during refresh. "On-the-fly" syntax checking information may be incorrect. [D:/moshushiyan/lab7_1/lab7.srcs/sources_1/new/flag_change.v:]
WARNING: [filemgmt 56-199] Attempt to get parsing info during refresh. "On-the-fly" syntax checking information may be incorrect. [D:/moshushiyan/lab7_1/lab7.srcs/sources_1/new/rand.v:]
ERROR: [Common 17-180] Spawn failed: No error
reset_run synth_1
launch_runs impl_1 -to_step write_bitstream -jobs 4
[Mon Dec 20 22:00:42 2021] Launched synth_1...
Run output will be captured here: D:/moshushiyan/lab7_1/lab7.runs/synth_1/runme.log
[Mon Dec 20 22:00:42 2021] Launched impl_1...
Run output will be captured here: D:/moshushiyan/lab7_1/lab7.runs/impl_1/runme.log
open_hw
connect_hw_server
INFO: [Labtools 27-2285] Connecting to hw_server url TCP:localhost:3121
INFO: [Labtools 27-2222] Launching hw_server...
INFO: [Labtools 27-2221] Launch Output:

****** Xilinx hw_server v2019.1
  **** Build date : May 24 2019 at 15:13:31
    ** Copyright 1986-2019 Xilinx, Inc. All Rights Reserved.


open_hw_target
INFO: [Labtoolstcl 44-466] Opening hw_target localhost:3121/xilinx_tcf/Digilent/210292A8B5E3A
set_property PROGRAM.FILE {D:/moshushiyan/lab7_1/lab7.runs/impl_1/project_all.bit} [get_hw_devices xc7a100t_0]
current_hw_device [get_hw_devices xc7a100t_0]
refresh_hw_device -update_hw_probes false [lindex [get_hw_devices xc7a100t_0] 0]
INFO: [Labtools 27-1434] Device xc7a100t (JTAG device index = 0) is programmed with a design that has no supported debug core(s) in it.
set_property PROBES.FILE {} [get_hw_devices xc7a100t_0]
set_property FULL_PROBES.FILE {} [get_hw_devices xc7a100t_0]
set_property PROGRAM.FILE {D:/moshushiyan/lab7_1/lab7.runs/impl_1/project_all.bit} [get_hw_devices xc7a100t_0]
program_hw_devices [get_hw_devices xc7a100t_0]
ERROR: [Labtools 27-3165] End of startup status: LOW
ERROR: [Common 17-39] 'program_hw_devices' failed due to earlier errors.
ERROR: [Labtoolstcl 44-513] HW Target shutdown. Closing target: localhost:3121/xilinx_tcf/Digilent/210292A8B5E3A
INFO: [Labtoolstcl 44-466] Opening hw_target localhost:3121/xilinx_tcf/Digilent/210292A8B5E3A
INFO: [Labtools 27-1435] Device xc7a100t (JTAG device index = 0) is not programmed (DONE status = 0).
WARNING: [Labtoolstcl 44-129] No matching hw_ila_data was found.
set_property PROBES.FILE {} [get_hw_devices xc7a100t_0]
set_property FULL_PROBES.FILE {} [get_hw_devices xc7a100t_0]
set_property PROGRAM.FILE {D:/moshushiyan/lab7_1/lab7.runs/impl_1/project_all.bit} [get_hw_devices xc7a100t_0]
program_hw_devices [get_hw_devices xc7a100t_0]
INFO: [Labtools 27-3164] End of startup status: HIGH
refresh_hw_device [lindex [get_hw_devices xc7a100t_0] 0]
INFO: [Labtools 27-1434] Device xc7a100t (JTAG device index = 0) is programmed with a design that has no supported debug core(s) in it.
ERROR: [Labtoolstcl 44-513] HW Target shutdown. Closing target: localhost:3121/xilinx_tcf/Digilent/210292A8B5E3A
INFO: [Labtoolstcl 44-466] Opening hw_target localhost:3121/xilinx_tcf/Digilent/210292A8B5E3A
INFO: [Labtools 27-1434] Device xc7a100t (JTAG device index = 0) is programmed with a design that has no supported debug core(s) in it.
WARNING: [Labtoolstcl 44-129] No matching hw_ila_data was found.
set_property PROBES.FILE {} [get_hw_devices xc7a100t_0]
set_property FULL_PROBES.FILE {} [get_hw_devices xc7a100t_0]
set_property PROGRAM.FILE {D:/moshushiyan/lab7_1/lab7.runs/impl_1/project_all.bit} [get_hw_devices xc7a100t_0]
program_hw_devices [get_hw_devices xc7a100t_0]
INFO: [Labtools 27-3164] End of startup status: HIGH
refresh_hw_device [lindex [get_hw_devices xc7a100t_0] 0]
INFO: [Labtools 27-1434] Device xc7a100t (JTAG device index = 0) is programmed with a design that has no supported debug core(s) in it.
reset_run impl_1 -prev_step 
launch_runs impl_1 -to_step write_bitstream -jobs 4
WARNING: [Vivado 12-872] Run step 'Design Initialization' is out-of-date.
[Mon Dec 20 22:07:10 2021] Launched impl_1...
Run output will be captured here: D:/moshushiyan/lab7_1/lab7.runs/impl_1/runme.log
reset_run impl_1 -prev_step 
ERROR: [Labtoolstcl 44-513] HW Target shutdown. Closing target: localhost:3121/xilinx_tcf/Digilent/210292A8B5E3A
INFO: [Labtoolstcl 44-466] Opening hw_target localhost:3121/xilinx_tcf/Digilent/210292A8B5E3A
INFO: [Labtools 27-1435] Device xc7a100t (JTAG device index = 0) is not programmed (DONE status = 0).
WARNING: [Labtoolstcl 44-129] No matching hw_ila_data was found.
ERROR: [Labtoolstcl 44-513] HW Target shutdown. Closing target: localhost:3121/xilinx_tcf/Digilent/210292A8B5E3A
reset_run synth_1
launch_runs impl_1 -to_step write_bitstream -jobs 4
[Mon Dec 20 22:09:14 2021] Launched synth_1...
Run output will be captured here: D:/moshushiyan/lab7_1/lab7.runs/synth_1/runme.log
[Mon Dec 20 22:09:14 2021] Launched impl_1...
Run output will be captured here: D:/moshushiyan/lab7_1/lab7.runs/impl_1/runme.log
INFO: [Labtoolstcl 44-466] Opening hw_target localhost:3121/xilinx_tcf/Digilent/210292A8B5E3A
ERROR: [Labtools 27-2312] Device xc7a100t_0 is no longer available.
Check cable connectivity and that the target board is powered up then
use the disconnect_hw_server and connect_hw_server to re-initialize the hardware target.
Use open_hw_target to re-register the hardware device.
WARNING: [Labtoolstcl 44-129] No matching hw_ila_data was found.
ERROR: [Labtoolstcl 44-513] HW Target shutdown. Closing target: localhost:3121/xilinx_tcf/Digilent/210292A8B5E3A
INFO: [Labtoolstcl 44-466] Opening hw_target localhost:3121/xilinx_tcf/Digilent/210292A8B5E3A
INFO: [Labtools 27-1434] Device xc7a100t (JTAG device index = 0) is programmed with a design that has no supported debug core(s) in it.
WARNING: [Labtoolstcl 44-129] No matching hw_ila_data was found.
close [ open D:/moshushiyan/lab7_1/lab7.srcs/sources_1/new/allrom.v w ]
add_files D:/moshushiyan/lab7_1/lab7.srcs/sources_1/new/allrom.v
update_compile_order -fileset sources_1
ERROR: [Labtoolstcl 44-513] HW Target shutdown. Closing target: localhost:3121/xilinx_tcf/Digilent/210292A8B5E3A
INFO: [Labtoolstcl 44-466] Opening hw_target localhost:3121/xilinx_tcf/Digilent/210292A8B5E3A
INFO: [Labtools 27-1434] Device xc7a100t (JTAG device index = 0) is programmed with a design that has no supported debug core(s) in it.
WARNING: [Labtoolstcl 44-129] No matching hw_ila_data was found.
ERROR: [Labtoolstcl 44-513] HW Target shutdown. Closing target: localhost:3121/xilinx_tcf/Digilent/210292A8B5E3A
INFO: [Labtoolstcl 44-466] Opening hw_target localhost:3121/xilinx_tcf/Digilent/210292A8B5E3A
INFO: [Labtools 27-1434] Device xc7a100t (JTAG device index = 0) is programmed with a design that has no supported debug core(s) in it.
WARNING: [Labtoolstcl 44-129] No matching hw_ila_data was found.
ERROR: [Labtoolstcl 44-513] HW Target shutdown. Closing target: localhost:3121/xilinx_tcf/Digilent/210292A8B5E3A
INFO: [Labtoolstcl 44-466] Opening hw_target localhost:3121/xilinx_tcf/Digilent/210292A8B5E3A
INFO: [Labtools 27-1434] Device xc7a100t (JTAG device index = 0) is programmed with a design that has no supported debug core(s) in it.
WARNING: [Labtoolstcl 44-129] No matching hw_ila_data was found.
ERROR: [Labtoolstcl 44-513] HW Target shutdown. Closing target: localhost:3121/xilinx_tcf/Digilent/210292A8B5E3A
INFO: [Labtoolstcl 44-466] Opening hw_target localhost:3121/xilinx_tcf/Digilent/210292A8B5E3A
INFO: [Labtools 27-1434] Device xc7a100t (JTAG device index = 0) is programmed with a design that has no supported debug core(s) in it.
WARNING: [Labtoolstcl 44-129] No matching hw_ila_data was found.
ERROR: [Labtoolstcl 44-513] HW Target shutdown. Closing target: localhost:3121/xilinx_tcf/Digilent/210292A8B5E3A
INFO: [Labtoolstcl 44-466] Opening hw_target localhost:3121/xilinx_tcf/Digilent/210292A8B5E3A
INFO: [Labtools 27-1434] Device xc7a100t (JTAG device index = 0) is programmed with a design that has no supported debug core(s) in it.
WARNING: [Labtoolstcl 44-129] No matching hw_ila_data was found.
set_property PROBES.FILE {} [get_hw_devices xc7a100t_0]
set_property FULL_PROBES.FILE {} [get_hw_devices xc7a100t_0]
set_property PROGRAM.FILE {D:/moshushiyan/lab7_1/lab7.runs/impl_1/project_all.bit} [get_hw_devices xc7a100t_0]
program_hw_devices [get_hw_devices xc7a100t_0]
INFO: [Labtools 27-3164] End of startup status: HIGH
refresh_hw_device [lindex [get_hw_devices xc7a100t_0] 0]
INFO: [Labtools 27-1434] Device xc7a100t (JTAG device index = 0) is programmed with a design that has no supported debug core(s) in it.
ERROR: [Labtoolstcl 44-513] HW Target shutdown. Closing target: localhost:3121/xilinx_tcf/Digilent/210292A8B5E3A
INFO: [Labtoolstcl 44-466] Opening hw_target localhost:3121/xilinx_tcf/Digilent/210292A8B5E3A
INFO: [Labtools 27-1434] Device xc7a100t (JTAG device index = 0) is programmed with a design that has no supported debug core(s) in it.
WARNING: [Labtoolstcl 44-129] No matching hw_ila_data was found.
ERROR: [Labtoolstcl 44-513] HW Target shutdown. Closing target: localhost:3121/xilinx_tcf/Digilent/210292A8B5E3A
INFO: [Labtoolstcl 44-466] Opening hw_target localhost:3121/xilinx_tcf/Digilent/210292A8B5E3A
INFO: [Labtools 27-1434] Device xc7a100t (JTAG device index = 0) is programmed with a design that has no supported debug core(s) in it.
WARNING: [Labtoolstcl 44-129] No matching hw_ila_data was found.
reset_run synth_1
launch_runs impl_1 -to_step write_bitstream -jobs 4
[Mon Dec 20 22:17:27 2021] Launched synth_1...
Run output will be captured here: D:/moshushiyan/lab7_1/lab7.runs/synth_1/runme.log
[Mon Dec 20 22:17:28 2021] Launched impl_1...
Run output will be captured here: D:/moshushiyan/lab7_1/lab7.runs/impl_1/runme.log
ERROR: [Labtoolstcl 44-513] HW Target shutdown. Closing target: localhost:3121/xilinx_tcf/Digilent/210292A8B5E3A
INFO: [Labtoolstcl 44-466] Opening hw_target localhost:3121/xilinx_tcf/Digilent/210292A8B5E3A
ERROR: [Labtools 27-2312] Device xc7a100t_0 is no longer available.
Check cable connectivity and that the target board is powered up then
use the disconnect_hw_server and connect_hw_server to re-initialize the hardware target.
Use open_hw_target to re-register the hardware device.
WARNING: [Labtoolstcl 44-129] No matching hw_ila_data was found.
ERROR: [Labtoolstcl 44-513] HW Target shutdown. Closing target: localhost:3121/xilinx_tcf/Digilent/210292A8B5E3A
INFO: [Labtoolstcl 44-466] Opening hw_target localhost:3121/xilinx_tcf/Digilent/210292A8B5E3A
INFO: [Labtools 27-1434] Device xc7a100t (JTAG device index = 0) is programmed with a design that has no supported debug core(s) in it.
WARNING: [Labtoolstcl 44-129] No matching hw_ila_data was found.
ERROR: [Labtoolstcl 44-513] HW Target shutdown. Closing target: localhost:3121/xilinx_tcf/Digilent/210292A8B5E3A
INFO: [Labtoolstcl 44-466] Opening hw_target localhost:3121/xilinx_tcf/Digilent/210292A8B5E3A
INFO: [Labtools 27-1434] Device xc7a100t (JTAG device index = 0) is programmed with a design that has no supported debug core(s) in it.
WARNING: [Labtoolstcl 44-129] No matching hw_ila_data was found.
ERROR: [Labtoolstcl 44-513] HW Target shutdown. Closing target: localhost:3121/xilinx_tcf/Digilent/210292A8B5E3A
INFO: [Labtoolstcl 44-466] Opening hw_target localhost:3121/xilinx_tcf/Digilent/210292A8B5E3A
INFO: [Labtools 27-1434] Device xc7a100t (JTAG device index = 0) is programmed with a design that has no supported debug core(s) in it.
WARNING: [Labtoolstcl 44-129] No matching hw_ila_data was found.
ERROR: [Labtoolstcl 44-513] HW Target shutdown. Closing target: localhost:3121/xilinx_tcf/Digilent/210292A8B5E3A
INFO: [Labtoolstcl 44-466] Opening hw_target localhost:3121/xilinx_tcf/Digilent/210292A8B5E3A
INFO: [Labtools 27-1434] Device xc7a100t (JTAG device index = 0) is programmed with a design that has no supported debug core(s) in it.
WARNING: [Labtoolstcl 44-129] No matching hw_ila_data was found.
ERROR: [Labtoolstcl 44-513] HW Target shutdown. Closing target: localhost:3121/xilinx_tcf/Digilent/210292A8B5E3A
INFO: [Labtoolstcl 44-466] Opening hw_target localhost:3121/xilinx_tcf/Digilent/210292A8B5E3A
ERROR: [Labtools 27-2312] Device xc7a100t_0 is no longer available.
Check cable connectivity and that the target board is powered up then
use the disconnect_hw_server and connect_hw_server to re-initialize the hardware target.
Use open_hw_target to re-register the hardware device.
WARNING: [Labtoolstcl 44-129] No matching hw_ila_data was found.
ERROR: [Labtoolstcl 44-513] HW Target shutdown. Closing target: localhost:3121/xilinx_tcf/Digilent/210292A8B5E3A
INFO: [Labtoolstcl 44-466] Opening hw_target localhost:3121/xilinx_tcf/Digilent/210292A8B5E3A
INFO: [Labtools 27-1434] Device xc7a100t (JTAG device index = 0) is programmed with a design that has no supported debug core(s) in it.
WARNING: [Labtoolstcl 44-129] No matching hw_ila_data was found.
ERROR: [Labtoolstcl 44-513] HW Target shutdown. Closing target: localhost:3121/xilinx_tcf/Digilent/210292A8B5E3A
INFO: [Labtoolstcl 44-466] Opening hw_target localhost:3121/xilinx_tcf/Digilent/210292A8B5E3A
INFO: [Labtools 27-1434] Device xc7a100t (JTAG device index = 0) is programmed with a design that has no supported debug core(s) in it.
WARNING: [Labtoolstcl 44-129] No matching hw_ila_data was found.
ERROR: [Labtoolstcl 44-513] HW Target shutdown. Closing target: localhost:3121/xilinx_tcf/Digilent/210292A8B5E3A
open_run impl_1
INFO: [Device 21-403] Loading part xc7a100tcsg324-1
INFO: [Netlist 29-17] Analyzing 257 Unisim elements for replacement
INFO: [Netlist 29-28] Unisim Transformation completed in 0 CPU seconds
INFO: [Project 1-479] Netlist was created with Vivado 2019.1
INFO: [Project 1-570] Preparing netlist for logic optimization
INFO: [Timing 38-478] Restoring timing data from binary archive.
INFO: [Timing 38-479] Binary timing data restore complete.
INFO: [Project 1-856] Restoring constraints from binary archive.
INFO: [Project 1-853] Binary constraint restore complete.
Reading XDEF placement.
Reading placer database...
Reading XDEF routing.
Read XDEF File: Time (s): cpu = 00:00:00 ; elapsed = 00:00:00.172 . Memory (MB): peak = 2867.055 ; gain = 0.000
Restored from archive | CPU: 0.000000 secs | Memory: 0.000000 MB |
Finished XDEF File Restore: Time (s): cpu = 00:00:00 ; elapsed = 00:00:00.172 . Memory (MB): peak = 2867.055 ; gain = 0.000
Netlist sorting complete. Time (s): cpu = 00:00:00 ; elapsed = 00:00:00.001 . Memory (MB): peak = 2867.055 ; gain = 0.000
INFO: [Project 1-111] Unisim Transformation Summary:
No Unisim elements were transformed.

open_run: Time (s): cpu = 00:00:28 ; elapsed = 00:00:27 . Memory (MB): peak = 2997.043 ; gain = 1043.477
disconnect_hw_server localhost:3121
connect_hw_server
INFO: [Labtools 27-2285] Connecting to hw_server url TCP:localhost:3121
ERROR: [Labtoolstcl 44-494] There is no active target available for server at localhost.
 Targets(s) ", jsn-Nexys4DDR-210292A8B5E3A" may be locked by another hw_server.
disconnect_hw_server localhost:3121
connect_hw_server
INFO: [Labtools 27-2285] Connecting to hw_server url TCP:localhost:3121
ERROR: [Labtoolstcl 44-494] There is no active target available for server at localhost.
 Targets(s) ", jsn-Nexys4DDR-210292A8B5E3A" may be locked by another hw_server.
close_hw
open_hw
connect_hw_server
INFO: [Labtools 27-2285] Connecting to hw_server url TCP:localhost:3121
disconnect_hw_server localhost:3121
connect_hw_server
INFO: [Labtools 27-2285] Connecting to hw_server url TCP:localhost:3121
disconnect_hw_server localhost:3121
connect_hw_server
INFO: [Labtools 27-2285] Connecting to hw_server url TCP:localhost:3121
open_hw_target
INFO: [Labtoolstcl 44-466] Opening hw_target localhost:3121/xilinx_tcf/Digilent/210292A8B5E3A
set_property PROGRAM.FILE {D:/moshushiyan/lab7_1/lab7.runs/impl_1/project_all.bit} [get_hw_devices xc7a100t_0]
current_hw_device [get_hw_devices xc7a100t_0]
refresh_hw_device -update_hw_probes false [lindex [get_hw_devices xc7a100t_0] 0]
ERROR: [Labtools 27-2312] Device xc7a100t_0 is no longer available.
Check cable connectivity and that the target board is powered up then
use the disconnect_hw_server and connect_hw_server to re-initialize the hardware target.
Use open_hw_target to re-register the hardware device.
ERROR: [Labtoolstcl 44-513] HW Target shutdown. Closing target: localhost:3121/xilinx_tcf/Digilent/210292A8B5E3A
disconnect_hw_server localhost:3121
connect_hw_server
INFO: [Labtools 27-2285] Connecting to hw_server url TCP:localhost:3121
ERROR: [Labtoolstcl 44-494] There is no active target available for server at localhost.
 Targets(s) ", jsn-Nexys4DDR-210292A8B5E3A" may be locked by another hw_server.
disconnect_hw_server localhost:3121
connect_hw_server
INFO: [Labtools 27-2285] Connecting to hw_server url TCP:localhost:3121
open_hw_target
INFO: [Labtoolstcl 44-466] Opening hw_target localhost:3121/xilinx_tcf/Digilent/210292A8B5E3A
ERROR: [Labtools 27-2269] No devices detected on target localhost:3121/xilinx_tcf/Digilent/210292A8B5E3A.
Check cable connectivity and that the target board is powered up then
use the disconnect_hw_server and connect_hw_server to re-register this hardware target.
ERROR: [Common 17-39] 'open_hw_target' failed due to earlier errors.
close_hw
open_hw
connect_hw_server
INFO: [Labtools 27-2285] Connecting to hw_server url TCP:localhost:3121
disconnect_hw_server localhost:3121
connect_hw_server
INFO: [Labtools 27-2285] Connecting to hw_server url TCP:localhost:3121
disconnect_hw_server localhost:3121
connect_hw_server
INFO: [Labtools 27-2285] Connecting to hw_server url TCP:localhost:3121
disconnect_hw_server localhost:3121
connect_hw_server
INFO: [Labtools 27-2285] Connecting to hw_server url TCP:localhost:3121
disconnect_hw_server localhost:3121
connect_hw_server
INFO: [Labtools 27-2285] Connecting to hw_server url TCP:localhost:3121
disconnect_hw_server localhost:3121
connect_hw_server
INFO: [Labtools 27-2285] Connecting to hw_server url TCP:localhost:3121
disconnect_hw_server localhost:3121
connect_hw_server
INFO: [Labtools 27-2285] Connecting to hw_server url TCP:localhost:3121
disconnect_hw_server localhost:3121
connect_hw_server
INFO: [Labtools 27-2285] Connecting to hw_server url TCP:localhost:3121
disconnect_hw_server localhost:3121
connect_hw_server
INFO: [Labtools 27-2285] Connecting to hw_server url TCP:localhost:3121
disconnect_hw_server localhost:3121
connect_hw_server
INFO: [Labtools 27-2285] Connecting to hw_server url TCP:localhost:3121
disconnect_hw_server localhost:3121
connect_hw_server
INFO: [Labtools 27-2285] Connecting to hw_server url TCP:localhost:3121
disconnect_hw_server localhost:3121
connect_hw_server
INFO: [Labtools 27-2285] Connecting to hw_server url TCP:localhost:3121
ERROR: [Labtoolstcl 44-494] There is no active target available for server at localhost.
 Targets(s) ", jsn-Nexys4DDR-210292A8B5E3A" may be locked by another hw_server.
disconnect_hw_server localhost:3121
connect_hw_server
INFO: [Labtools 27-2285] Connecting to hw_server url TCP:localhost:3121
ERROR: [Labtoolstcl 44-494] There is no active target available for server at localhost.
 Targets(s) ", jsn-Nexys4DDR-210292A8B5E3A" may be locked by another hw_server.
disconnect_hw_server localhost:3121
connect_hw_server
INFO: [Labtools 27-2285] Connecting to hw_server url TCP:localhost:3121
open_hw_target
INFO: [Labtoolstcl 44-466] Opening hw_target localhost:3121/xilinx_tcf/Digilent/210292A8B5E3A
set_property PROGRAM.FILE {D:/moshushiyan/lab7_1/lab7.runs/impl_1/project_all.bit} [get_hw_devices xc7a100t_0]
current_hw_device [get_hw_devices xc7a100t_0]
refresh_hw_device -update_hw_probes false [lindex [get_hw_devices xc7a100t_0] 0]
INFO: [Labtools 27-1434] Device xc7a100t (JTAG device index = 0) is programmed with a design that has no supported debug core(s) in it.
set_property PROBES.FILE {} [get_hw_devices xc7a100t_0]
set_property FULL_PROBES.FILE {} [get_hw_devices xc7a100t_0]
set_property PROGRAM.FILE {D:/moshushiyan/lab7_1/lab7.runs/impl_1/project_all.bit} [get_hw_devices xc7a100t_0]
program_hw_devices [get_hw_devices xc7a100t_0]
ERROR: [Labtools 27-3165] End of startup status: LOW
ERROR: [Common 17-39] 'program_hw_devices' failed due to earlier errors.
set_property PROBES.FILE {} [get_hw_devices xc7a100t_0]
set_property FULL_PROBES.FILE {} [get_hw_devices xc7a100t_0]
set_property PROGRAM.FILE {D:/moshushiyan/lab7_1/lab7.runs/impl_1/project_all.bit} [get_hw_devices xc7a100t_0]
program_hw_devices [get_hw_devices xc7a100t_0]
ERROR: [Labtools 27-3165] End of startup status: LOW
ERROR: [Common 17-39] 'program_hw_devices' failed due to earlier errors.
set_property PROBES.FILE {} [get_hw_devices xc7a100t_0]
set_property FULL_PROBES.FILE {} [get_hw_devices xc7a100t_0]
set_property PROGRAM.FILE {D:/moshushiyan/lab7_1/lab7.runs/impl_1/project_all.bit} [get_hw_devices xc7a100t_0]
program_hw_devices [get_hw_devices xc7a100t_0]
ERROR: [Labtools 27-3165] End of startup status: LOW
ERROR: [Common 17-39] 'program_hw_devices' failed due to earlier errors.
set_property PROBES.FILE {} [get_hw_devices xc7a100t_0]
set_property FULL_PROBES.FILE {} [get_hw_devices xc7a100t_0]
set_property PROGRAM.FILE {D:/moshushiyan/lab7_1/lab7.runs/impl_1/project_all.bit} [get_hw_devices xc7a100t_0]
program_hw_devices [get_hw_devices xc7a100t_0]
ERROR: [Labtools 27-3165] End of startup status: LOW
ERROR: [Common 17-39] 'program_hw_devices' failed due to earlier errors.
set_property PROBES.FILE {} [get_hw_devices xc7a100t_0]
set_property FULL_PROBES.FILE {} [get_hw_devices xc7a100t_0]
set_property PROGRAM.FILE {D:/moshushiyan/lab7_1/lab7.runs/impl_1/project_all.bit} [get_hw_devices xc7a100t_0]
program_hw_devices [get_hw_devices xc7a100t_0]
INFO: [Labtools 27-3164] End of startup status: HIGH
refresh_hw_device [lindex [get_hw_devices xc7a100t_0] 0]
INFO: [Labtools 27-1434] Device xc7a100t (JTAG device index = 0) is programmed with a design that has no supported debug core(s) in it.
reset_run synth_1
launch_runs impl_1 -to_step write_bitstream -jobs 4
[Mon Dec 20 22:23:16 2021] Launched synth_1...
Run output will be captured here: D:/moshushiyan/lab7_1/lab7.runs/synth_1/runme.log
[Mon Dec 20 22:23:16 2021] Launched impl_1...
Run output will be captured here: D:/moshushiyan/lab7_1/lab7.runs/impl_1/runme.log
close [ open D:/moshushiyan/lab7_1/lab7.srcs/sources_1/new/DIS.v w ]
add_files D:/moshushiyan/lab7_1/lab7.srcs/sources_1/new/DIS.v
update_compile_order -fileset sources_1
set_property PROBES.FILE {} [get_hw_devices xc7a100t_0]
set_property FULL_PROBES.FILE {} [get_hw_devices xc7a100t_0]
set_property PROGRAM.FILE {D:/moshushiyan/lab7_1/lab7.runs/impl_1/project_all.bit} [get_hw_devices xc7a100t_0]
program_hw_devices [get_hw_devices xc7a100t_0]
ERROR: [Labtools 27-3165] End of startup status: LOW
ERROR: [Common 17-39] 'program_hw_devices' failed due to earlier errors.
set_property PROBES.FILE {} [get_hw_devices xc7a100t_0]
set_property FULL_PROBES.FILE {} [get_hw_devices xc7a100t_0]
set_property PROGRAM.FILE {D:/moshushiyan/lab7_1/lab7.runs/impl_1/project_all.bit} [get_hw_devices xc7a100t_0]
program_hw_devices [get_hw_devices xc7a100t_0]
ERROR: [Labtools 27-3165] End of startup status: LOW
ERROR: [Common 17-39] 'program_hw_devices' failed due to earlier errors.
set_property PROBES.FILE {} [get_hw_devices xc7a100t_0]
set_property FULL_PROBES.FILE {} [get_hw_devices xc7a100t_0]
set_property PROGRAM.FILE {D:/moshushiyan/lab7_1/lab7.runs/impl_1/project_all.bit} [get_hw_devices xc7a100t_0]
program_hw_devices [get_hw_devices xc7a100t_0]
ERROR: [Labtools 27-3165] End of startup status: LOW
ERROR: [Common 17-39] 'program_hw_devices' failed due to earlier errors.
close [ open D:/moshushiyan/lab7_1/lab7.srcs/sources_1/new/fpq.v w ]
add_files D:/moshushiyan/lab7_1/lab7.srcs/sources_1/new/fpq.v
update_compile_order -fileset sources_1
close [ open D:/moshushiyan/lab7_1/lab7.srcs/sources_1/new/decodercnt.v w ]
add_files D:/moshushiyan/lab7_1/lab7.srcs/sources_1/new/decodercnt.v
update_compile_order -fileset sources_1
close [ open D:/moshushiyan/lab7_1/lab7.srcs/sources_1/new/mux.v w ]
add_files D:/moshushiyan/lab7_1/lab7.srcs/sources_1/new/mux.v
update_compile_order -fileset sources_1
close [ open D:/moshushiyan/lab7_1/lab7.srcs/sources_1/new/decode7.v w ]
add_files D:/moshushiyan/lab7_1/lab7.srcs/sources_1/new/decode7.v
update_compile_order -fileset sources_1
close [ open D:/moshushiyan/lab7_1/lab7.srcs/sources_1/new/decoder7.v w ]
add_files D:/moshushiyan/lab7_1/lab7.srcs/sources_1/new/decoder7.v
update_compile_order -fileset sources_1
update_compile_order -fileset sources_1
update_compile_order -fileset sources_1
update_compile_order -fileset sources_1
reset_run synth_1
launch_runs impl_1 -to_step write_bitstream -jobs 4
[Mon Dec 20 22:45:28 2021] Launched synth_1...
Run output will be captured here: D:/moshushiyan/lab7_1/lab7.runs/synth_1/runme.log
[Mon Dec 20 22:45:28 2021] Launched impl_1...
Run output will be captured here: D:/moshushiyan/lab7_1/lab7.runs/impl_1/runme.log
set_property PROBES.FILE {} [get_hw_devices xc7a100t_0]
set_property FULL_PROBES.FILE {} [get_hw_devices xc7a100t_0]
set_property PROGRAM.FILE {D:/moshushiyan/lab7_1/lab7.runs/impl_1/project_all.bit} [get_hw_devices xc7a100t_0]
program_hw_devices [get_hw_devices xc7a100t_0]
ERROR: [Labtools 27-3165] End of startup status: LOW
ERROR: [Common 17-39] 'program_hw_devices' failed due to earlier errors.
set_property PROBES.FILE {} [get_hw_devices xc7a100t_0]
set_property FULL_PROBES.FILE {} [get_hw_devices xc7a100t_0]
set_property PROGRAM.FILE {D:/moshushiyan/lab7_1/lab7.runs/impl_1/project_all.bit} [get_hw_devices xc7a100t_0]
program_hw_devices [get_hw_devices xc7a100t_0]
ERROR: [Labtools 27-3165] End of startup status: LOW
ERROR: [Common 17-39] 'program_hw_devices' failed due to earlier errors.
set_property PROBES.FILE {} [get_hw_devices xc7a100t_0]
set_property FULL_PROBES.FILE {} [get_hw_devices xc7a100t_0]
set_property PROGRAM.FILE {D:/moshushiyan/lab7_1/lab7.runs/impl_1/project_all.bit} [get_hw_devices xc7a100t_0]
program_hw_devices [get_hw_devices xc7a100t_0]
ERROR: [Labtools 27-3165] End of startup status: LOW
ERROR: [Common 17-39] 'program_hw_devices' failed due to earlier errors.
set_property PROBES.FILE {} [get_hw_devices xc7a100t_0]
set_property FULL_PROBES.FILE {} [get_hw_devices xc7a100t_0]
set_property PROGRAM.FILE {D:/moshushiyan/lab7_1/lab7.runs/impl_1/project_all.bit} [get_hw_devices xc7a100t_0]
program_hw_devices [get_hw_devices xc7a100t_0]
ERROR: [Labtools 27-3165] End of startup status: LOW
ERROR: [Common 17-39] 'program_hw_devices' failed due to earlier errors.
set_property PROBES.FILE {} [get_hw_devices xc7a100t_0]
set_property FULL_PROBES.FILE {} [get_hw_devices xc7a100t_0]
set_property PROGRAM.FILE {D:/moshushiyan/lab7_1/lab7.runs/impl_1/project_all.bit} [get_hw_devices xc7a100t_0]
program_hw_devices [get_hw_devices xc7a100t_0]
ERROR: [Labtools 27-3165] End of startup status: LOW
ERROR: [Common 17-39] 'program_hw_devices' failed due to earlier errors.
set_property PROBES.FILE {} [get_hw_devices xc7a100t_0]
set_property FULL_PROBES.FILE {} [get_hw_devices xc7a100t_0]
set_property PROGRAM.FILE {D:/moshushiyan/lab7_1/lab7.runs/impl_1/project_all.bit} [get_hw_devices xc7a100t_0]
program_hw_devices [get_hw_devices xc7a100t_0]
ERROR: [Labtools 27-3165] End of startup status: LOW
ERROR: [Common 17-39] 'program_hw_devices' failed due to earlier errors.
set_property PROBES.FILE {} [get_hw_devices xc7a100t_0]
set_property FULL_PROBES.FILE {} [get_hw_devices xc7a100t_0]
set_property PROGRAM.FILE {D:/moshushiyan/lab7_1/lab7.runs/impl_1/project_all.bit} [get_hw_devices xc7a100t_0]
program_hw_devices [get_hw_devices xc7a100t_0]
ERROR: [Labtools 27-3165] End of startup status: LOW
ERROR: [Common 17-39] 'program_hw_devices' failed due to earlier errors.
set_property PROBES.FILE {} [get_hw_devices xc7a100t_0]
set_property FULL_PROBES.FILE {} [get_hw_devices xc7a100t_0]
set_property PROGRAM.FILE {D:/moshushiyan/lab7_1/lab7.runs/impl_1/project_all.bit} [get_hw_devices xc7a100t_0]
program_hw_devices [get_hw_devices xc7a100t_0]
ERROR: [Labtools 27-3165] End of startup status: LOW
ERROR: [Common 17-39] 'program_hw_devices' failed due to earlier errors.
set_property PROBES.FILE {} [get_hw_devices xc7a100t_0]
set_property FULL_PROBES.FILE {} [get_hw_devices xc7a100t_0]
set_property PROGRAM.FILE {D:/moshushiyan/lab7_1/lab7.runs/impl_1/project_all.bit} [get_hw_devices xc7a100t_0]
program_hw_devices [get_hw_devices xc7a100t_0]
ERROR: [Labtools 27-3165] End of startup status: LOW
ERROR: [Common 17-39] 'program_hw_devices' failed due to earlier errors.
close_hw
open_hw
connect_hw_server
INFO: [Labtools 27-2285] Connecting to hw_server url TCP:localhost:3121
disconnect_hw_server localhost:3121
connect_hw_server
INFO: [Labtools 27-2285] Connecting to hw_server url TCP:localhost:3121
disconnect_hw_server localhost:3121
connect_hw_server
INFO: [Labtools 27-2285] Connecting to hw_server url TCP:localhost:3121
disconnect_hw_server localhost:3121
connect_hw_server
INFO: [Labtools 27-2285] Connecting to hw_server url TCP:localhost:3121
disconnect_hw_server localhost:3121
connect_hw_server
INFO: [Labtools 27-2285] Connecting to hw_server url TCP:localhost:3121
open_hw_target
INFO: [Labtoolstcl 44-466] Opening hw_target localhost:3121/xilinx_tcf/Digilent/210292A8B5E3A
set_property PROGRAM.FILE {D:/moshushiyan/lab7_1/lab7.runs/impl_1/project_all.bit} [get_hw_devices xc7a100t_0]
current_hw_device [get_hw_devices xc7a100t_0]
refresh_hw_device -update_hw_probes false [lindex [get_hw_devices xc7a100t_0] 0]
INFO: [Labtools 27-1435] Device xc7a100t (JTAG device index = 0) is not programmed (DONE status = 0).
set_property PROBES.FILE {} [get_hw_devices xc7a100t_0]
set_property FULL_PROBES.FILE {} [get_hw_devices xc7a100t_0]
set_property PROGRAM.FILE {D:/moshushiyan/lab7_1/lab7.runs/impl_1/project_all.bit} [get_hw_devices xc7a100t_0]
program_hw_devices [get_hw_devices xc7a100t_0]
INFO: [Labtools 27-3164] End of startup status: HIGH
refresh_hw_device [lindex [get_hw_devices xc7a100t_0] 0]
INFO: [Labtools 27-1434] Device xc7a100t (JTAG device index = 0) is programmed with a design that has no supported debug core(s) in it.
ERROR: [Labtoolstcl 44-513] HW Target shutdown. Closing target: localhost:3121/xilinx_tcf/Digilent/210292A8B5E3A
INFO: [Labtoolstcl 44-466] Opening hw_target localhost:3121/xilinx_tcf/Digilent/210292A8B5E3A
INFO: [Labtools 27-1434] Device xc7a100t (JTAG device index = 0) is programmed with a design that has no supported debug core(s) in it.
WARNING: [Labtoolstcl 44-129] No matching hw_ila_data was found.
ERROR: [Labtoolstcl 44-513] HW Target shutdown. Closing target: localhost:3121/xilinx_tcf/Digilent/210292A8B5E3A
INFO: [Labtoolstcl 44-466] Opening hw_target localhost:3121/xilinx_tcf/Digilent/210292A8B5E3A
INFO: [Labtools 27-1435] Device xc7a100t (JTAG device index = 0) is not programmed (DONE status = 0).
WARNING: [Labtoolstcl 44-129] No matching hw_ila_data was found.
ERROR: [Labtoolstcl 44-513] HW Target shutdown. Closing target: localhost:3121/xilinx_tcf/Digilent/210292A8B5E3A
close [ open D:/moshushiyan/lab7_1/lab7.srcs/sources_1/new/counter2.v w ]
add_files D:/moshushiyan/lab7_1/lab7.srcs/sources_1/new/counter2.v
update_compile_order -fileset sources_1
update_compile_order -fileset sources_1
reset_run synth_1
launch_runs impl_1 -to_step write_bitstream -jobs 4
[Mon Dec 20 22:54:42 2021] Launched synth_1...
Run output will be captured here: D:/moshushiyan/lab7_1/lab7.runs/synth_1/runme.log
[Mon Dec 20 22:54:42 2021] Launched impl_1...
Run output will be captured here: D:/moshushiyan/lab7_1/lab7.runs/impl_1/runme.log
disconnect_hw_server localhost:3121
connect_hw_server
INFO: [Labtools 27-2285] Connecting to hw_server url TCP:localhost:3121
ERROR: [Labtoolstcl 44-494] There is no active target available for server at localhost.
 Targets(s) ", jsn-Nexys4DDR-210292A8B5E3A" may be locked by another hw_server.
disconnect_hw_server localhost:3121
connect_hw_server
INFO: [Labtools 27-2285] Connecting to hw_server url TCP:localhost:3121
ERROR: [Labtoolstcl 44-494] There is no active target available for server at localhost.
 Targets(s) ", jsn-Nexys4DDR-210292A8B5E3A" may be locked by another hw_server.
disconnect_hw_server localhost:3121
connect_hw_server
INFO: [Labtools 27-2285] Connecting to hw_server url TCP:localhost:3121
ERROR: [Labtoolstcl 44-494] There is no active target available for server at localhost.
 Targets(s) ", jsn-Nexys4DDR-210292A8B5E3A" may be locked by another hw_server.
disconnect_hw_server localhost:3121
connect_hw_server
INFO: [Labtools 27-2285] Connecting to hw_server url TCP:localhost:3121
open_hw_target
INFO: [Labtoolstcl 44-466] Opening hw_target localhost:3121/xilinx_tcf/Digilent/210292A8B5E3A
set_property PROGRAM.FILE {D:/moshushiyan/lab7_1/lab7.runs/impl_1/project_all.bit} [get_hw_devices xc7a100t_0]
current_hw_device [get_hw_devices xc7a100t_0]
refresh_hw_device -update_hw_probes false [lindex [get_hw_devices xc7a100t_0] 0]
INFO: [Labtools 27-1435] Device xc7a100t (JTAG device index = 0) is not programmed (DONE status = 0).
set_property PROBES.FILE {} [get_hw_devices xc7a100t_0]
set_property FULL_PROBES.FILE {} [get_hw_devices xc7a100t_0]
set_property PROGRAM.FILE {D:/moshushiyan/lab7_1/lab7.runs/impl_1/project_all.bit} [get_hw_devices xc7a100t_0]
program_hw_devices [get_hw_devices xc7a100t_0]
INFO: [Labtools 27-3164] End of startup status: HIGH
refresh_hw_device [lindex [get_hw_devices xc7a100t_0] 0]
INFO: [Labtools 27-1434] Device xc7a100t (JTAG device index = 0) is programmed with a design that has no supported debug core(s) in it.
ERROR: [Labtoolstcl 44-513] HW Target shutdown. Closing target: localhost:3121/xilinx_tcf/Digilent/210292A8B5E3A
INFO: [Labtoolstcl 44-466] Opening hw_target localhost:3121/xilinx_tcf/Digilent/210292A8B5E3A
INFO: [Labtools 27-1435] Device xc7a100t (JTAG device index = 0) is not programmed (DONE status = 0).
WARNING: [Labtoolstcl 44-129] No matching hw_ila_data was found.
ERROR: [Labtoolstcl 44-513] HW Target shutdown. Closing target: localhost:3121/xilinx_tcf/Digilent/210292A8B5E3A
INFO: [Labtoolstcl 44-466] Opening hw_target localhost:3121/xilinx_tcf/Digilent/210292A8B5E3A
INFO: [Labtools 27-1434] Device xc7a100t (JTAG device index = 0) is programmed with a design that has no supported debug core(s) in it.
WARNING: [Labtoolstcl 44-129] No matching hw_ila_data was found.
set_property PROBES.FILE {} [get_hw_devices xc7a100t_0]
set_property FULL_PROBES.FILE {} [get_hw_devices xc7a100t_0]
set_property PROGRAM.FILE {D:/moshushiyan/lab7_1/lab7.runs/impl_1/project_all.bit} [get_hw_devices xc7a100t_0]
program_hw_devices [get_hw_devices xc7a100t_0]
INFO: [Labtools 27-3164] End of startup status: HIGH
refresh_hw_device [lindex [get_hw_devices xc7a100t_0] 0]
INFO: [Labtools 27-1434] Device xc7a100t (JTAG device index = 0) is programmed with a design that has no supported debug core(s) in it.
ERROR: [Labtoolstcl 44-513] HW Target shutdown. Closing target: localhost:3121/xilinx_tcf/Digilent/210292A8B5E3A
INFO: [Labtoolstcl 44-466] Opening hw_target localhost:3121/xilinx_tcf/Digilent/210292A8B5E3A
ERROR: [Labtools 27-2269] No devices detected on target localhost:3121/xilinx_tcf/Digilent/210292A8B5E3A.
Check cable connectivity and that the target board is powered up then
use the disconnect_hw_server and connect_hw_server to re-register this hardware target.
ERROR: [Common 17-39] 'open_hw_target' failed due to earlier errors.
ERROR: [Labtoolstcl 44-513] HW Target shutdown. Closing target: localhost:3121/xilinx_tcf/Digilent/210292A8B5E3A
INFO: [Labtoolstcl 44-466] Opening hw_target localhost:3121/xilinx_tcf/Digilent/210292A8B5E3A
ERROR: [Labtools 27-2269] No devices detected on target localhost:3121/xilinx_tcf/Digilent/210292A8B5E3A.
Check cable connectivity and that the target board is powered up then
use the disconnect_hw_server and connect_hw_server to re-register this hardware target.
ERROR: [Common 17-39] 'open_hw_target' failed due to earlier errors.
ERROR: [Labtoolstcl 44-513] HW Target shutdown. Closing target: localhost:3121/xilinx_tcf/Digilent/210292A8B5E3A
INFO: [Labtoolstcl 44-466] Opening hw_target localhost:3121/xilinx_tcf/Digilent/210292A8B5E3A
INFO: [Labtools 27-1434] Device xc7a100t (JTAG device index = 0) is programmed with a design that has no supported debug core(s) in it.
WARNING: [Labtoolstcl 44-129] No matching hw_ila_data was found.
ERROR: [Labtoolstcl 44-513] HW Target shutdown. Closing target: localhost:3121/xilinx_tcf/Digilent/210292A8B5E3A
INFO: [Labtoolstcl 44-466] Opening hw_target localhost:3121/xilinx_tcf/Digilent/210292A8B5E3A
INFO: [Labtools 27-1435] Device xc7a100t (JTAG device index = 0) is not programmed (DONE status = 0).
WARNING: [Labtoolstcl 44-129] No matching hw_ila_data was found.
ERROR: [Labtoolstcl 44-513] HW Target shutdown. Closing target: localhost:3121/xilinx_tcf/Digilent/210292A8B5E3A
INFO: [Labtoolstcl 44-466] Opening hw_target localhost:3121/xilinx_tcf/Digilent/210292A8B5E3A
INFO: [Labtools 27-1435] Device xc7a100t (JTAG device index = 0) is not programmed (DONE status = 0).
WARNING: [Labtoolstcl 44-129] No matching hw_ila_data was found.
ERROR: [Labtoolstcl 44-513] HW Target shutdown. Closing target: localhost:3121/xilinx_tcf/Digilent/210292A8B5E3A
INFO: [Labtoolstcl 44-466] Opening hw_target localhost:3121/xilinx_tcf/Digilent/210292A8B5E3A
INFO: [Labtools 27-1434] Device xc7a100t (JTAG device index = 0) is programmed with a design that has no supported debug core(s) in it.
WARNING: [Labtoolstcl 44-129] No matching hw_ila_data was found.
ERROR: [Labtoolstcl 44-513] HW Target shutdown. Closing target: localhost:3121/xilinx_tcf/Digilent/210292A8B5E3A
close [ open D:/moshushiyan/lab7_1/lab7.srcs/sources_1/new/Bpmusic.v w ]
add_files D:/moshushiyan/lab7_1/lab7.srcs/sources_1/new/Bpmusic.v
update_compile_order -fileset sources_1
update_compile_order -fileset sources_1
WARNING: [IP_Flow 19-4067] Ignoring invalid widget type specified checkbox.Providing a default widget
WARNING: [IP_Flow 19-4067] Ignoring invalid widget type specified checkbox.Providing a default widget
INFO: [IP_Flow 19-3484] Absolute path of file 'd:/moshushiyan/lab7_1/lab7.srcs/sources_1/ip/coe2.coe' provided. It will be converted relative to IP Instance files '../../../../lab7.srcs/sources_1/ip/coe2.coe'
WARNING: [IP_Flow 19-4067] Ignoring invalid widget type specified checkbox.Providing a default widget
WARNING: [IP_Flow 19-4067] Ignoring invalid widget type specified checkbox.Providing a default widget
INFO: [IP_Flow 19-3484] Absolute path of file 'd:/moshushiyan/lab7_1/lab7.srcs/sources_1/ip/coe3.coe' provided. It will be converted relative to IP Instance files '../../../../lab7.srcs/sources_1/ip/coe3.coe'
create_ip -name blk_mem_gen -vendor xilinx.com -library ip -version 8.4 -module_name rom3 -dir d:/moshushiyan/lab7_1/lab7.srcs/sources_1/ip
set_property -dict [list CONFIG.Component_Name {rom3} CONFIG.Memory_Type {Single_Port_ROM} CONFIG.Write_Width_A {12} CONFIG.Write_Depth_A {30000} CONFIG.Read_Width_A {12} CONFIG.Enable_A {Always_Enabled} CONFIG.Write_Width_B {12} CONFIG.Read_Width_B {12} CONFIG.Load_Init_File {true} CONFIG.Coe_File {d:/moshushiyan/lab7_1/lab7.srcs/sources_1/ip/coe3.coe} CONFIG.Port_A_Write_Rate {0}] [get_ips rom3]
WARNING: [Vivado 12-3523] Attempt to change 'Component_Name' from 'rom3' to 'rom3' is not allowed and is ignored.
INFO: [IP_Flow 19-3484] Absolute path of file 'd:/moshushiyan/lab7_1/lab7.srcs/sources_1/ip/coe3.coe' provided. It will be converted relative to IP Instance files '../coe3.coe'
generate_target {instantiation_template} [get_files d:/moshushiyan/lab7_1/lab7.srcs/sources_1/ip/rom3/rom3.xci]
INFO: [IP_Flow 19-1686] Generating 'Instantiation Template' target for IP 'rom3'...
update_compile_order -fileset sources_1
generate_target all [get_files  d:/moshushiyan/lab7_1/lab7.srcs/sources_1/ip/rom3/rom3.xci]
INFO: [IP_Flow 19-1686] Generating 'Synthesis' target for IP 'rom3'...
INFO: [IP_Flow 19-1686] Generating 'Simulation' target for IP 'rom3'...
INFO: [IP_Flow 19-1686] Generating 'Miscellaneous' target for IP 'rom3'...
INFO: [IP_Flow 19-1686] Generating 'Change Log' target for IP 'rom3'...
catch { config_ip_cache -export [get_ips -all rom3] }
export_ip_user_files -of_objects [get_files d:/moshushiyan/lab7_1/lab7.srcs/sources_1/ip/rom3/rom3.xci] -no_script -sync -force -quiet
create_ip_run [get_files -of_objects [get_fileset sources_1] d:/moshushiyan/lab7_1/lab7.srcs/sources_1/ip/rom3/rom3.xci]
launch_runs -jobs 4 rom3_synth_1
[Tue Dec 21 14:55:16 2021] Launched rom3_synth_1...
Run output will be captured here: D:/moshushiyan/lab7_1/lab7.runs/rom3_synth_1/runme.log
export_simulation -of_objects [get_files d:/moshushiyan/lab7_1/lab7.srcs/sources_1/ip/rom3/rom3.xci] -directory D:/moshushiyan/lab7_1/lab7.ip_user_files/sim_scripts -ip_user_files_dir D:/moshushiyan/lab7_1/lab7.ip_user_files -ipstatic_source_dir D:/moshushiyan/lab7_1/lab7.ip_user_files/ipstatic -lib_map_path [list {modelsim=D:/moshushiyan/lab7_1/lab7.cache/compile_simlib/modelsim} {questa=D:/moshushiyan/lab7_1/lab7.cache/compile_simlib/questa} {riviera=D:/moshushiyan/lab7_1/lab7.cache/compile_simlib/riviera} {activehdl=D:/moshushiyan/lab7_1/lab7.cache/compile_simlib/activehdl}] -use_ip_compiled_libs -force -quiet
WARNING: [IP_Flow 19-4067] Ignoring invalid widget type specified checkbox.Providing a default widget
WARNING: [IP_Flow 19-4067] Ignoring invalid widget type specified checkbox.Providing a default widget
WARNING: [IP_Flow 19-4067] Ignoring invalid widget type specified checkbox.Providing a default widget
WARNING: [IP_Flow 19-4067] Ignoring invalid widget type specified checkbox.Providing a default widget
set_property -dict [list CONFIG.Register_PortA_Output_of_Memory_Primitives {false}] [get_ips rom2]
generate_target all [get_files  D:/moshushiyan/lab7_1/lab7.srcs/sources_1/ip/rom2/rom2.xci]
INFO: [IP_Flow 19-1686] Generating 'Instantiation Template' target for IP 'rom2'...
INFO: [IP_Flow 19-1686] Generating 'Synthesis' target for IP 'rom2'...
INFO: [IP_Flow 19-1686] Generating 'Simulation' target for IP 'rom2'...
INFO: [IP_Flow 19-1686] Generating 'Miscellaneous' target for IP 'rom2'...
INFO: [IP_Flow 19-1686] Generating 'Change Log' target for IP 'rom2'...
catch { config_ip_cache -export [get_ips -all rom2] }
export_ip_user_files -of_objects [get_files D:/moshushiyan/lab7_1/lab7.srcs/sources_1/ip/rom2/rom2.xci] -no_script -sync -force -quiet
reset_run rom2_synth_1
WARNING: [Vivado 12-1017] Problems encountered:
1. Failed to delete one or more files in run directory D:/moshushiyan/lab7_1/lab7.runs/rom2_synth_1

launch_runs -jobs 4 rom2_synth_1
[Tue Dec 21 14:57:24 2021] Launched rom2_synth_1...
Run output will be captured here: D:/moshushiyan/lab7_1/lab7.runs/rom2_synth_1/runme.log
export_simulation -of_objects [get_files D:/moshushiyan/lab7_1/lab7.srcs/sources_1/ip/rom2/rom2.xci] -directory D:/moshushiyan/lab7_1/lab7.ip_user_files/sim_scripts -ip_user_files_dir D:/moshushiyan/lab7_1/lab7.ip_user_files -ipstatic_source_dir D:/moshushiyan/lab7_1/lab7.ip_user_files/ipstatic -lib_map_path [list {modelsim=D:/moshushiyan/lab7_1/lab7.cache/compile_simlib/modelsim} {questa=D:/moshushiyan/lab7_1/lab7.cache/compile_simlib/questa} {riviera=D:/moshushiyan/lab7_1/lab7.cache/compile_simlib/riviera} {activehdl=D:/moshushiyan/lab7_1/lab7.cache/compile_simlib/activehdl}] -use_ip_compiled_libs -force -quiet
WARNING: [IP_Flow 19-4067] Ignoring invalid widget type specified checkbox.Providing a default widget
WARNING: [IP_Flow 19-4067] Ignoring invalid widget type specified checkbox.Providing a default widget
set_property -dict [list CONFIG.Register_PortA_Output_of_Memory_Primitives {false}] [get_ips blk_mem_gen_0]
generate_target all [get_files  D:/moshushiyan/lab7_1/lab7.srcs/sources_1/ip/blk_mem_gen_0/blk_mem_gen_0.xci]
INFO: [IP_Flow 19-1686] Generating 'Instantiation Template' target for IP 'blk_mem_gen_0'...
INFO: [IP_Flow 19-1686] Generating 'Synthesis' target for IP 'blk_mem_gen_0'...
INFO: [IP_Flow 19-1686] Generating 'Simulation' target for IP 'blk_mem_gen_0'...
INFO: [IP_Flow 19-1686] Generating 'Miscellaneous' target for IP 'blk_mem_gen_0'...
INFO: [IP_Flow 19-1686] Generating 'Change Log' target for IP 'blk_mem_gen_0'...
catch { config_ip_cache -export [get_ips -all blk_mem_gen_0] }
export_ip_user_files -of_objects [get_files D:/moshushiyan/lab7_1/lab7.srcs/sources_1/ip/blk_mem_gen_0/blk_mem_gen_0.xci] -no_script -sync -force -quiet
reset_run blk_mem_gen_0_synth_1
WARNING: [Vivado 12-1017] Problems encountered:
1. Failed to delete one or more files in run directory D:/moshushiyan/lab7_1/lab7.runs/blk_mem_gen_0_synth_1

launch_runs -jobs 4 blk_mem_gen_0_synth_1
[Tue Dec 21 14:58:01 2021] Launched blk_mem_gen_0_synth_1...
Run output will be captured here: D:/moshushiyan/lab7_1/lab7.runs/blk_mem_gen_0_synth_1/runme.log
export_simulation -of_objects [get_files D:/moshushiyan/lab7_1/lab7.srcs/sources_1/ip/blk_mem_gen_0/blk_mem_gen_0.xci] -directory D:/moshushiyan/lab7_1/lab7.ip_user_files/sim_scripts -ip_user_files_dir D:/moshushiyan/lab7_1/lab7.ip_user_files -ipstatic_source_dir D:/moshushiyan/lab7_1/lab7.ip_user_files/ipstatic -lib_map_path [list {modelsim=D:/moshushiyan/lab7_1/lab7.cache/compile_simlib/modelsim} {questa=D:/moshushiyan/lab7_1/lab7.cache/compile_simlib/questa} {riviera=D:/moshushiyan/lab7_1/lab7.cache/compile_simlib/riviera} {activehdl=D:/moshushiyan/lab7_1/lab7.cache/compile_simlib/activehdl}] -use_ip_compiled_libs -force -quiet
WARNING: [IP_Flow 19-4067] Ignoring invalid widget type specified checkbox.Providing a default widget
WARNING: [IP_Flow 19-4067] Ignoring invalid widget type specified checkbox.Providing a default widget
WARNING: [IP_Flow 19-4067] Ignoring invalid widget type specified checkbox.Providing a default widget
WARNING: [IP_Flow 19-4067] Ignoring invalid widget type specified checkbox.Providing a default widget
WARNING: [IP_Flow 19-4067] Ignoring invalid widget type specified checkbox.Providing a default widget
WARNING: [IP_Flow 19-4067] Ignoring invalid widget type specified checkbox.Providing a default widget
WARNING: [IP_Flow 19-4067] Ignoring invalid widget type specified checkbox.Providing a default widget
WARNING: [IP_Flow 19-4067] Ignoring invalid widget type specified checkbox.Providing a default widget
set_property -dict [list CONFIG.Register_PortA_Output_of_Memory_Primitives {false}] [get_ips rom3]
generate_target all [get_files  d:/moshushiyan/lab7_1/lab7.srcs/sources_1/ip/rom3/rom3.xci]
INFO: [IP_Flow 19-1686] Generating 'Instantiation Template' target for IP 'rom3'...
INFO: [IP_Flow 19-1686] Generating 'Synthesis' target for IP 'rom3'...
INFO: [IP_Flow 19-1686] Generating 'Simulation' target for IP 'rom3'...
INFO: [IP_Flow 19-1686] Generating 'Miscellaneous' target for IP 'rom3'...
INFO: [IP_Flow 19-1686] Generating 'Change Log' target for IP 'rom3'...
catch { config_ip_cache -export [get_ips -all rom3] }
export_ip_user_files -of_objects [get_files d:/moshushiyan/lab7_1/lab7.srcs/sources_1/ip/rom3/rom3.xci] -no_script -sync -force -quiet
reset_run rom3_synth_1
launch_runs -jobs 4 rom3_synth_1
[Tue Dec 21 14:59:03 2021] Launched rom3_synth_1...
Run output will be captured here: D:/moshushiyan/lab7_1/lab7.runs/rom3_synth_1/runme.log
export_simulation -of_objects [get_files d:/moshushiyan/lab7_1/lab7.srcs/sources_1/ip/rom3/rom3.xci] -directory D:/moshushiyan/lab7_1/lab7.ip_user_files/sim_scripts -ip_user_files_dir D:/moshushiyan/lab7_1/lab7.ip_user_files -ipstatic_source_dir D:/moshushiyan/lab7_1/lab7.ip_user_files/ipstatic -lib_map_path [list {modelsim=D:/moshushiyan/lab7_1/lab7.cache/compile_simlib/modelsim} {questa=D:/moshushiyan/lab7_1/lab7.cache/compile_simlib/questa} {riviera=D:/moshushiyan/lab7_1/lab7.cache/compile_simlib/riviera} {activehdl=D:/moshushiyan/lab7_1/lab7.cache/compile_simlib/activehdl}] -use_ip_compiled_libs -force -quiet
WARNING: [IP_Flow 19-4067] Ignoring invalid widget type specified checkbox.Providing a default widget
WARNING: [IP_Flow 19-4067] Ignoring invalid widget type specified checkbox.Providing a default widget
WARNING: [IP_Flow 19-4067] Ignoring invalid widget type specified checkbox.Providing a default widget
WARNING: [IP_Flow 19-4067] Ignoring invalid widget type specified checkbox.Providing a default widget
WARNING: [IP_Flow 19-4067] Ignoring invalid widget type specified checkbox.Providing a default widget
WARNING: [IP_Flow 19-4067] Ignoring invalid widget type specified checkbox.Providing a default widget
INFO: [IP_Flow 19-3484] Absolute path of file 'd:/moshushiyan/lab7_1/lab7.srcs/sources_1/ip/coe4.coe' provided. It will be converted relative to IP Instance files '../../../../lab7.srcs/sources_1/ip/coe4.coe'
create_ip -name blk_mem_gen -vendor xilinx.com -library ip -version 8.4 -module_name blk_mem_gen_1 -dir d:/moshushiyan/lab7_1/lab7.srcs/sources_1/ip
set_property -dict [list CONFIG.Memory_Type {Single_Port_ROM} CONFIG.Write_Width_A {12} CONFIG.Write_Depth_A {30000} CONFIG.Read_Width_A {12} CONFIG.Enable_A {Always_Enabled} CONFIG.Write_Width_B {12} CONFIG.Read_Width_B {12} CONFIG.Register_PortA_Output_of_Memory_Primitives {false} CONFIG.Load_Init_File {true} CONFIG.Coe_File {d:/moshushiyan/lab7_1/lab7.srcs/sources_1/ip/coe4.coe} CONFIG.Port_A_Write_Rate {0}] [get_ips blk_mem_gen_1]
INFO: [IP_Flow 19-3484] Absolute path of file 'd:/moshushiyan/lab7_1/lab7.srcs/sources_1/ip/coe4.coe' provided. It will be converted relative to IP Instance files '../coe4.coe'
generate_target {instantiation_template} [get_files d:/moshushiyan/lab7_1/lab7.srcs/sources_1/ip/blk_mem_gen_1/blk_mem_gen_1.xci]
INFO: [IP_Flow 19-1686] Generating 'Instantiation Template' target for IP 'blk_mem_gen_1'...
update_compile_order -fileset sources_1
WARNING: [IP_Flow 19-4067] Ignoring invalid widget type specified checkbox.Providing a default widget
WARNING: [IP_Flow 19-4067] Ignoring invalid widget type specified checkbox.Providing a default widget
INFO: [IP_Flow 19-3484] Absolute path of file 'd:/moshushiyan/lab7_1/lab7.srcs/sources_1/ip/coe4.coe' provided. It will be converted relative to IP Instance files '../../../../lab7.srcs/sources_1/ip/coe4.coe'
create_ip -name blk_mem_gen -vendor xilinx.com -library ip -version 8.4 -module_name rom4 -dir d:/moshushiyan/lab7_1/lab7.srcs/sources_1/ip
set_property -dict [list CONFIG.Component_Name {rom4} CONFIG.Memory_Type {Single_Port_ROM} CONFIG.Write_Width_A {12} CONFIG.Write_Depth_A {30000} CONFIG.Read_Width_A {12} CONFIG.Enable_A {Always_Enabled} CONFIG.Write_Width_B {12} CONFIG.Read_Width_B {12} CONFIG.Register_PortA_Output_of_Memory_Primitives {false} CONFIG.Load_Init_File {true} CONFIG.Coe_File {d:/moshushiyan/lab7_1/lab7.srcs/sources_1/ip/coe4.coe} CONFIG.Port_A_Write_Rate {0}] [get_ips rom4]
WARNING: [Vivado 12-3523] Attempt to change 'Component_Name' from 'rom4' to 'rom4' is not allowed and is ignored.
INFO: [IP_Flow 19-3484] Absolute path of file 'd:/moshushiyan/lab7_1/lab7.srcs/sources_1/ip/coe4.coe' provided. It will be converted relative to IP Instance files '../coe4.coe'
generate_target {instantiation_template} [get_files d:/moshushiyan/lab7_1/lab7.srcs/sources_1/ip/rom4/rom4.xci]
INFO: [IP_Flow 19-1686] Generating 'Instantiation Template' target for IP 'rom4'...
generate_target all [get_files  d:/moshushiyan/lab7_1/lab7.srcs/sources_1/ip/rom4/rom4.xci]
INFO: [IP_Flow 19-1686] Generating 'Synthesis' target for IP 'rom4'...
INFO: [IP_Flow 19-1686] Generating 'Simulation' target for IP 'rom4'...
INFO: [IP_Flow 19-1686] Generating 'Miscellaneous' target for IP 'rom4'...
INFO: [IP_Flow 19-1686] Generating 'Change Log' target for IP 'rom4'...
catch { config_ip_cache -export [get_ips -all rom4] }
export_ip_user_files -of_objects [get_files d:/moshushiyan/lab7_1/lab7.srcs/sources_1/ip/rom4/rom4.xci] -no_script -sync -force -quiet
create_ip_run [get_files -of_objects [get_fileset sources_1] d:/moshushiyan/lab7_1/lab7.srcs/sources_1/ip/rom4/rom4.xci]
launch_runs -jobs 4 rom4_synth_1
[Tue Dec 21 15:11:35 2021] Launched rom4_synth_1...
Run output will be captured here: D:/moshushiyan/lab7_1/lab7.runs/rom4_synth_1/runme.log
export_simulation -of_objects [get_files d:/moshushiyan/lab7_1/lab7.srcs/sources_1/ip/rom4/rom4.xci] -directory D:/moshushiyan/lab7_1/lab7.ip_user_files/sim_scripts -ip_user_files_dir D:/moshushiyan/lab7_1/lab7.ip_user_files -ipstatic_source_dir D:/moshushiyan/lab7_1/lab7.ip_user_files/ipstatic -lib_map_path [list {modelsim=D:/moshushiyan/lab7_1/lab7.cache/compile_simlib/modelsim} {questa=D:/moshushiyan/lab7_1/lab7.cache/compile_simlib/questa} {riviera=D:/moshushiyan/lab7_1/lab7.cache/compile_simlib/riviera} {activehdl=D:/moshushiyan/lab7_1/lab7.cache/compile_simlib/activehdl}] -use_ip_compiled_libs -force -quiet
